<?xml version="1.0" encoding="UTF-8"?>
<!-- Generated by org.testng.reporters.JUnitReportReporter -->
<testsuite name="testsuite.Demo" tests="1" time="14.503" ignored="0" failures="0" timestamp="03 May 2020 21:05:51 GMT" skipped="0" hostname="LPP00066388A" errors="0">
  <testcase name="testcase1" time="14.503" classname="testsuite.Demo"/>
</testsuite> <!-- testsuite.Demo -->
